<?xml version="1.0" encoding="UTF-8"?>
<!-- Generated by org.testng.reporters.JUnitReportReporter -->
<testsuite hostname="PNH-LPC-012" failures="0" tests="17" name="tests.LoginTests" time="110.980" errors="0" timestamp="2025-07-30T21:35:21 IST" skipped="0">
  <testcase classname="tests.LoginTests" name="loginTest" time="4.634"/>
  <testcase classname="tests.LoginTests" name="loginTest" time="4.568"/>
  <testcase classname="tests.LoginTests" name="loginTest" time="4.579"/>
  <testcase classname="tests.LoginTests" name="loginTest" time="4.636"/>
  <testcase classname="tests.LoginTests" name="loginTest" time="5.233"/>
  <testcase classname="tests.LoginTests" name="loginTest" time="10.171"/>
  <testcase classname="tests.LoginTests" name="loginTest" time="5.108"/>
  <testcase classname="tests.LoginTests" name="loginTest" time="5.190"/>
  <testcase classname="tests.LoginTests" name="loginTest" time="5.129"/>
  <testcase classname="tests.LoginTests" name="loginTest" time="4.713"/>
  <testcase classname="tests.LoginTests" name="loginTest" time="4.527"/>
  <testcase classname="tests.LoginTests" name="loginTest" time="4.584"/>
  <testcase classname="tests.LoginTests" name="loginTest" time="4.454"/>
  <testcase classname="tests.LoginTests" name="loginTest" time="4.576"/>
  <testcase classname="tests.LoginTests" name="loginTest" time="10.673"/>
  <testcase classname="tests.LoginTests" name="forgotPasswordTest_TC09" time="6.282"/>
  <testcase classname="tests.LoginTests" name="epicLoginRedirectTest" time="21.923"/>
</testsuite> <!-- tests.LoginTests -->
