<?xml version="1.0" encoding="UTF-8"?>
<!-- Generated by org.testng.reporters.JUnitReportReporter -->
<testsuite hostname="PNH-LPC-012" failures="0" tests="17" name="tests.LoginTests" time="113.885" errors="0" timestamp="2025-08-11T18:25:50 IST" skipped="0">
  <testcase classname="tests.LoginTests" name="loginTest" time="4.798"/>
  <testcase classname="tests.LoginTests" name="loginTest" time="6.244"/>
  <testcase classname="tests.LoginTests" name="loginTest" time="4.927"/>
  <testcase classname="tests.LoginTests" name="loginTest" time="4.657"/>
  <testcase classname="tests.LoginTests" name="loginTest" time="4.645"/>
  <testcase classname="tests.LoginTests" name="loginTest" time="4.579"/>
  <testcase classname="tests.LoginTests" name="loginTest" time="10.457"/>
  <testcase classname="tests.LoginTests" name="loginTest" time="4.584"/>
  <testcase classname="tests.LoginTests" name="loginTest" time="4.623"/>
  <testcase classname="tests.LoginTests" name="loginTest" time="5.636"/>
  <testcase classname="tests.LoginTests" name="loginTest" time="5.114"/>
  <testcase classname="tests.LoginTests" name="loginTest" time="6.127"/>
  <testcase classname="tests.LoginTests" name="loginTest" time="4.661"/>
  <testcase classname="tests.LoginTests" name="loginTest" time="11.187"/>
  <testcase classname="tests.LoginTests" name="loginTest" time="4.618"/>
  <testcase classname="tests.LoginTests" name="forgotPasswordTest_TC09" time="6.662"/>
  <testcase classname="tests.LoginTests" name="epicLoginRedirectTest" time="20.366"/>
</testsuite> <!-- tests.LoginTests -->
