<?xml version="1.0" encoding="UTF-8"?>
<!-- Generated by org.testng.reporters.JUnitReportReporter -->
<testsuite hostname="PNH-LPC-012" failures="0" tests="17" name="tests.LoginTests" time="113.678" errors="0" timestamp="2025-07-29T21:23:41 IST" skipped="0">
  <testcase classname="tests.LoginTests" name="loginTest" time="5.012"/>
  <testcase classname="tests.LoginTests" name="loginTest" time="5.240"/>
  <testcase classname="tests.LoginTests" name="loginTest" time="4.912"/>
  <testcase classname="tests.LoginTests" name="loginTest" time="10.912"/>
  <testcase classname="tests.LoginTests" name="loginTest" time="5.053"/>
  <testcase classname="tests.LoginTests" name="loginTest" time="5.085"/>
  <testcase classname="tests.LoginTests" name="loginTest" time="5.048"/>
  <testcase classname="tests.LoginTests" name="loginTest" time="4.740"/>
  <testcase classname="tests.LoginTests" name="loginTest" time="5.937"/>
  <testcase classname="tests.LoginTests" name="loginTest" time="4.873"/>
  <testcase classname="tests.LoginTests" name="loginTest" time="5.613"/>
  <testcase classname="tests.LoginTests" name="loginTest" time="5.043"/>
  <testcase classname="tests.LoginTests" name="loginTest" time="11.128"/>
  <testcase classname="tests.LoginTests" name="loginTest" time="5.040"/>
  <testcase classname="tests.LoginTests" name="loginTest" time="5.432"/>
  <testcase classname="tests.LoginTests" name="forgotPasswordTest_TC09" time="4.896"/>
  <testcase classname="tests.LoginTests" name="epicLoginRedirectTest" time="19.714"/>
</testsuite> <!-- tests.LoginTests -->
