<?xml version="1.0" encoding="UTF-8"?>
<!-- Generated by org.testng.reporters.JUnitReportReporter -->
<testsuite hostname="PNH-LPC-012" failures="0" tests="17" name="tests.LoginTests" time="102.976" errors="0" timestamp="2025-07-24T14:43:27 IST" skipped="0">
  <testcase classname="tests.LoginTests" name="loginTest" time="4.578"/>
  <testcase classname="tests.LoginTests" name="loginTest" time="10.020"/>
  <testcase classname="tests.LoginTests" name="loginTest" time="4.609"/>
  <testcase classname="tests.LoginTests" name="loginTest" time="4.594"/>
  <testcase classname="tests.LoginTests" name="loginTest" time="4.921"/>
  <testcase classname="tests.LoginTests" name="loginTest" time="5.197"/>
  <testcase classname="tests.LoginTests" name="loginTest" time="4.629"/>
  <testcase classname="tests.LoginTests" name="loginTest" time="4.482"/>
  <testcase classname="tests.LoginTests" name="loginTest" time="10.117"/>
  <testcase classname="tests.LoginTests" name="loginTest" time="4.706"/>
  <testcase classname="tests.LoginTests" name="loginTest" time="5.493"/>
  <testcase classname="tests.LoginTests" name="loginTest" time="4.615"/>
  <testcase classname="tests.LoginTests" name="loginTest" time="4.541"/>
  <testcase classname="tests.LoginTests" name="loginTest" time="5.100"/>
  <testcase classname="tests.LoginTests" name="loginTest" time="4.880"/>
  <testcase classname="tests.LoginTests" name="forgotPasswordTest_TC09" time="4.801"/>
  <testcase classname="tests.LoginTests" name="epicLoginRedirectTest" time="15.693"/>
</testsuite> <!-- tests.LoginTests -->
