<?xml version="1.0" encoding="UTF-8"?>
<!-- Generated by org.testng.reporters.JUnitReportReporter -->
<testsuite hostname="PNH-LPC-012" failures="0" tests="17" name="tests.LoginTests" time="108.010" errors="0" timestamp="2025-07-30T22:39:28 IST" skipped="0">
  <testcase classname="tests.LoginTests" name="loginTest" time="4.610"/>
  <testcase classname="tests.LoginTests" name="loginTest" time="4.598"/>
  <testcase classname="tests.LoginTests" name="loginTest" time="10.635"/>
  <testcase classname="tests.LoginTests" name="loginTest" time="10.507"/>
  <testcase classname="tests.LoginTests" name="loginTest" time="5.118"/>
  <testcase classname="tests.LoginTests" name="loginTest" time="4.443"/>
  <testcase classname="tests.LoginTests" name="loginTest" time="4.416"/>
  <testcase classname="tests.LoginTests" name="loginTest" time="4.452"/>
  <testcase classname="tests.LoginTests" name="loginTest" time="4.662"/>
  <testcase classname="tests.LoginTests" name="loginTest" time="4.492"/>
  <testcase classname="tests.LoginTests" name="loginTest" time="4.621"/>
  <testcase classname="tests.LoginTests" name="loginTest" time="4.640"/>
  <testcase classname="tests.LoginTests" name="loginTest" time="5.585"/>
  <testcase classname="tests.LoginTests" name="loginTest" time="5.436"/>
  <testcase classname="tests.LoginTests" name="loginTest" time="5.663"/>
  <testcase classname="tests.LoginTests" name="forgotPasswordTest_TC09" time="5.065"/>
  <testcase classname="tests.LoginTests" name="epicLoginRedirectTest" time="19.067"/>
</testsuite> <!-- tests.LoginTests -->
