<?xml version="1.0" encoding="UTF-8"?>
<!-- Generated by org.testng.reporters.JUnitReportReporter -->
<testsuite hostname="PNH-LPC-012" failures="0" tests="17" name="tests.LoginTests" time="114.776" errors="0" timestamp="2025-08-06T21:45:30 IST" skipped="0">
  <testcase classname="tests.LoginTests" name="loginTest" time="4.661"/>
  <testcase classname="tests.LoginTests" name="loginTest" time="4.698"/>
  <testcase classname="tests.LoginTests" name="loginTest" time="4.715"/>
  <testcase classname="tests.LoginTests" name="loginTest" time="10.703"/>
  <testcase classname="tests.LoginTests" name="loginTest" time="11.047"/>
  <testcase classname="tests.LoginTests" name="loginTest" time="5.999"/>
  <testcase classname="tests.LoginTests" name="loginTest" time="6.255"/>
  <testcase classname="tests.LoginTests" name="loginTest" time="4.745"/>
  <testcase classname="tests.LoginTests" name="loginTest" time="4.620"/>
  <testcase classname="tests.LoginTests" name="loginTest" time="4.623"/>
  <testcase classname="tests.LoginTests" name="loginTest" time="5.629"/>
  <testcase classname="tests.LoginTests" name="loginTest" time="4.684"/>
  <testcase classname="tests.LoginTests" name="loginTest" time="4.617"/>
  <testcase classname="tests.LoginTests" name="loginTest" time="4.608"/>
  <testcase classname="tests.LoginTests" name="loginTest" time="6.694"/>
  <testcase classname="tests.LoginTests" name="forgotPasswordTest_TC09" time="4.553"/>
  <testcase classname="tests.LoginTests" name="epicLoginRedirectTest" time="21.925"/>
</testsuite> <!-- tests.LoginTests -->
