<?xml version="1.0" encoding="UTF-8"?>
<!-- Generated by org.testng.reporters.JUnitReportReporter -->
<testsuite hostname="PNH-LPC-012" failures="0" tests="17" name="tests.LoginTests" time="112.928" errors="0" timestamp="2025-07-30T16:34:02 IST" skipped="0">
  <testcase classname="tests.LoginTests" name="loginTest" time="5.037"/>
  <testcase classname="tests.LoginTests" name="loginTest" time="4.963"/>
  <testcase classname="tests.LoginTests" name="loginTest" time="5.141"/>
  <testcase classname="tests.LoginTests" name="loginTest" time="4.850"/>
  <testcase classname="tests.LoginTests" name="loginTest" time="5.158"/>
  <testcase classname="tests.LoginTests" name="loginTest" time="5.160"/>
  <testcase classname="tests.LoginTests" name="loginTest" time="5.496"/>
  <testcase classname="tests.LoginTests" name="loginTest" time="5.103"/>
  <testcase classname="tests.LoginTests" name="loginTest" time="6.478"/>
  <testcase classname="tests.LoginTests" name="loginTest" time="4.889"/>
  <testcase classname="tests.LoginTests" name="loginTest" time="5.138"/>
  <testcase classname="tests.LoginTests" name="loginTest" time="10.249"/>
  <testcase classname="tests.LoginTests" name="loginTest" time="6.137"/>
  <testcase classname="tests.LoginTests" name="loginTest" time="5.004"/>
  <testcase classname="tests.LoginTests" name="loginTest" time="11.329"/>
  <testcase classname="tests.LoginTests" name="forgotPasswordTest_TC09" time="5.354"/>
  <testcase classname="tests.LoginTests" name="epicLoginRedirectTest" time="17.442"/>
</testsuite> <!-- tests.LoginTests -->
