<?xml version="1.0" encoding="UTF-8"?>
<!-- Generated by org.testng.reporters.JUnitReportReporter -->
<testsuite hostname="PNH-LPC-012" failures="0" tests="17" name="tests.LoginTests" time="107.129" errors="0" timestamp="2025-07-29T17:32:09 IST" skipped="0">
  <testcase classname="tests.LoginTests" name="loginTest" time="4.428"/>
  <testcase classname="tests.LoginTests" name="loginTest" time="4.498"/>
  <testcase classname="tests.LoginTests" name="loginTest" time="9.986"/>
  <testcase classname="tests.LoginTests" name="loginTest" time="4.620"/>
  <testcase classname="tests.LoginTests" name="loginTest" time="4.470"/>
  <testcase classname="tests.LoginTests" name="loginTest" time="4.461"/>
  <testcase classname="tests.LoginTests" name="loginTest" time="4.476"/>
  <testcase classname="tests.LoginTests" name="loginTest" time="5.928"/>
  <testcase classname="tests.LoginTests" name="loginTest" time="5.473"/>
  <testcase classname="tests.LoginTests" name="loginTest" time="4.712"/>
  <testcase classname="tests.LoginTests" name="loginTest" time="4.985"/>
  <testcase classname="tests.LoginTests" name="loginTest" time="10.056"/>
  <testcase classname="tests.LoginTests" name="loginTest" time="4.986"/>
  <testcase classname="tests.LoginTests" name="loginTest" time="5.251"/>
  <testcase classname="tests.LoginTests" name="loginTest" time="4.437"/>
  <testcase classname="tests.LoginTests" name="forgotPasswordTest_TC09" time="6.769"/>
  <testcase classname="tests.LoginTests" name="epicLoginRedirectTest" time="17.593"/>
</testsuite> <!-- tests.LoginTests -->
