<?xml version="1.0" encoding="UTF-8"?>
<!-- Generated by org.testng.reporters.JUnitReportReporter -->
<testsuite hostname="PNH-LPC-012" failures="0" tests="17" name="tests.LoginTests" time="119.097" errors="0" timestamp="2025-07-25T22:00:48 IST" skipped="0">
  <testcase classname="tests.LoginTests" name="loginTest" time="11.173"/>
  <testcase classname="tests.LoginTests" name="loginTest" time="7.207"/>
  <testcase classname="tests.LoginTests" name="loginTest" time="5.048"/>
  <testcase classname="tests.LoginTests" name="loginTest" time="5.561"/>
  <testcase classname="tests.LoginTests" name="loginTest" time="5.230"/>
  <testcase classname="tests.LoginTests" name="loginTest" time="5.289"/>
  <testcase classname="tests.LoginTests" name="loginTest" time="5.592"/>
  <testcase classname="tests.LoginTests" name="loginTest" time="10.621"/>
  <testcase classname="tests.LoginTests" name="loginTest" time="5.309"/>
  <testcase classname="tests.LoginTests" name="loginTest" time="5.379"/>
  <testcase classname="tests.LoginTests" name="loginTest" time="5.031"/>
  <testcase classname="tests.LoginTests" name="loginTest" time="5.309"/>
  <testcase classname="tests.LoginTests" name="loginTest" time="5.000"/>
  <testcase classname="tests.LoginTests" name="loginTest" time="5.297"/>
  <testcase classname="tests.LoginTests" name="loginTest" time="5.150"/>
  <testcase classname="tests.LoginTests" name="forgotPasswordTest_TC09" time="4.944"/>
  <testcase classname="tests.LoginTests" name="epicLoginRedirectTest" time="21.957"/>
</testsuite> <!-- tests.LoginTests -->
