<?xml version="1.0" encoding="UTF-8"?>
<!-- Generated by org.testng.reporters.JUnitReportReporter -->
<testsuite hostname="PNH-LPC-012" failures="0" tests="17" name="tests.LoginTests" time="115.558" errors="0" timestamp="2025-07-29T18:28:48 IST" skipped="0">
  <testcase classname="tests.LoginTests" name="loginTest" time="10.219"/>
  <testcase classname="tests.LoginTests" name="loginTest" time="5.775"/>
  <testcase classname="tests.LoginTests" name="loginTest" time="5.178"/>
  <testcase classname="tests.LoginTests" name="loginTest" time="4.731"/>
  <testcase classname="tests.LoginTests" name="loginTest" time="4.671"/>
  <testcase classname="tests.LoginTests" name="loginTest" time="10.217"/>
  <testcase classname="tests.LoginTests" name="loginTest" time="4.487"/>
  <testcase classname="tests.LoginTests" name="loginTest" time="4.964"/>
  <testcase classname="tests.LoginTests" name="loginTest" time="5.369"/>
  <testcase classname="tests.LoginTests" name="loginTest" time="4.431"/>
  <testcase classname="tests.LoginTests" name="loginTest" time="4.619"/>
  <testcase classname="tests.LoginTests" name="loginTest" time="4.661"/>
  <testcase classname="tests.LoginTests" name="loginTest" time="4.388"/>
  <testcase classname="tests.LoginTests" name="loginTest" time="5.550"/>
  <testcase classname="tests.LoginTests" name="loginTest" time="5.021"/>
  <testcase classname="tests.LoginTests" name="forgotPasswordTest_TC09" time="4.448"/>
  <testcase classname="tests.LoginTests" name="epicLoginRedirectTest" time="26.829"/>
</testsuite> <!-- tests.LoginTests -->
